# JRE version: OpenJDK Runtime Environment (21.0.2+13) (build 21.0.2+13-58)
# Java VM: OpenJDK 64-Bit Server VM (21.0.2+13-58, mixed mode, emulated-client, sharing, tiered, compressed oops, compressed class ptrs, g1 gc, windows-amd64)
GC Precious Log:
 CardTable entry size: 512
 Card Set container configuration: InlinePtr #cards 4 size 8 Array Of Cards #cards 16 size 48 Howl #buckets 8 coarsen threshold 3686 Howl Bitmap #cards 512 size 80 coarsen threshold 460 Card regions per heap region 1 cards per card region 4096
 CPUs: 20 total, 20 available
 Memory: 16103M
 Large Page Support: Disabled
 NUMA Support: Disabled
 Compressed Oops: Enabled (Zero based)
 Heap Region Size: 2M
 Heap Min Capacity: 8M
 Heap Initial Capacity: 252M
 Heap Max Capacity: 4026M
 Pre-touch: Disabled
 Parallel Workers: 15
 Concurrent Workers: 4
 Concurrent Refinement Workers: 15
 Periodic GC: Disabled
Heap:
 garbage-first heap   total 258048K, used 136125K [0x0000000704600000, 0x0000000800000000)
  region size 2048K, 5 young (10240K), 5 survivors (10240K)
 Metaspace       used 82899K, committed 83776K, reserved 1179648K
  class space    used 11876K, committed 12288K, reserved 1048576K
GC Heap History (20 events):
Event: 5.983 GC heap after
{Heap after GC invocations=19 (full 0):
 garbage-first heap   total 118784K, used 42435K [0x0000000704600000, 0x0000000800000000)
  region size 2048K, 4 young (8192K), 4 survivors (8192K)
 Metaspace       used 68928K, committed 69696K, reserved 1114112K
  class space    used 9681K, committed 10048K, reserved 1048576K
}
Event: 6.374 GC heap before
{Heap before GC invocations=19 (full 0):
 garbage-first heap   total 118784K, used 99779K [0x0000000704600000, 0x0000000800000000)
  region size 2048K, 32 young (65536K), 4 survivors (8192K)
 Metaspace       used 74827K, committed 75520K, reserved 1114112K
  class space    used 10684K, committed 11008K, reserved 1048576K
}
Event: 6.378 GC heap after
{Heap after GC invocations=20 (full 0):
 garbage-first heap   total 118784K, used 46464K [0x0000000704600000, 0x0000000800000000)
  region size 2048K, 4 young (8192K), 4 survivors (8192K)
 Metaspace       used 74827K, committed 75520K, reserved 1114112K
  class space    used 10684K, committed 11008K, reserved 1048576K
}
Event: 6.553 GC heap before
{Heap before GC invocations=20 (full 0):
 garbage-first heap   total 118784K, used 101760K [0x0000000704600000, 0x0000000800000000)
  region size 2048K, 31 young (63488K), 4 survivors (8192K)
 Metaspace       used 77167K, committed 77888K, reserved 1179648K
  class space    used 11024K, committed 11328K, reserved 1048576K
}
Event: 6.560 GC heap after
{Heap after GC invocations=21 (full 0):
 garbage-first heap   total 118784K, used 47853K [0x0000000704600000, 0x0000000800000000)
  region size 2048K, 2 young (4096K), 2 survivors (4096K)
 Metaspace       used 77167K, committed 77888K, reserved 1179648K
  class space    used 11024K, committed 11328K, reserved 1048576K
}
Event: 6.909 GC heap before
{Heap before GC invocations=22 (full 0):
 garbage-first heap   total 118784K, used 103149K [0x0000000704600000, 0x0000000800000000)
  region size 2048K, 29 young (59392K), 2 survivors (4096K)
 Metaspace       used 78400K, committed 79168K, reserved 1179648K
  class space    used 11259K, committed 11584K, reserved 1048576K
}
Event: 6.912 GC heap after
{Heap after GC invocations=23 (full 0):
 garbage-first heap   total 118784K, used 49095K [0x0000000704600000, 0x0000000800000000)
  region size 2048K, 2 young (4096K), 2 survivors (4096K)
 Metaspace       used 78400K, committed 79168K, reserved 1179648K
  class space    used 11259K, committed 11584K, reserved 1048576K
}
Event: 7.256 GC heap before
{Heap before GC invocations=23 (full 0):
 garbage-first heap   total 118784K, used 104391K [0x0000000704600000, 0x0000000800000000)
  region size 2048K, 29 young (59392K), 2 survivors (4096K)
 Metaspace       used 81602K, committed 82368K, reserved 1179648K
  class space    used 11712K, committed 12032K, reserved 1048576K
}
Event: 7.262 GC heap after
{Heap after GC invocations=24 (full 0):
 garbage-first heap   total 118784K, used 52235K [0x0000000704600000, 0x0000000800000000)
  region size 2048K, 4 young (8192K), 4 survivors (8192K)
 Metaspace       used 81602K, committed 82368K, reserved 1179648K
  class space    used 11712K, committed 12032K, reserved 1048576K
}
Event: 7.384 GC heap before
{Heap before GC invocations=24 (full 0):
 garbage-first heap   total 118784K, used 97291K [0x0000000704600000, 0x0000000800000000)
  region size 2048K, 27 young (55296K), 4 survivors (8192K)
 Metaspace       used 82805K, committed 83712K, reserved 1179648K
  class space    used 11858K, committed 12288K, reserved 1048576K
}
Event: 7.391 GC heap after
{Heap after GC invocations=25 (full 0):
 garbage-first heap   total 118784K, used 59444K [0x0000000704600000, 0x0000000800000000)
  region size 2048K, 4 young (8192K), 4 survivors (8192K)
 Metaspace       used 82805K, committed 83712K, reserved 1179648K
  class space    used 11858K, committed 12288K, reserved 1048576K
}
Event: 7.430 GC heap before
{Heap before GC invocations=26 (full 0):
 garbage-first heap   total 143360K, used 98356K [0x0000000704600000, 0x0000000800000000)
  region size 2048K, 24 young (49152K), 4 survivors (8192K)
 Metaspace       used 82812K, committed 83712K, reserved 1179648K
  class space    used 11861K, committed 12288K, reserved 1048576K
}
Event: 7.435 GC heap after
{Heap after GC invocations=27 (full 0):
 garbage-first heap   total 172032K, used 69064K [0x0000000704600000, 0x0000000800000000)
  region size 2048K, 3 young (6144K), 3 survivors (6144K)
 Metaspace       used 82812K, committed 83712K, reserved 1179648K
  class space    used 11861K, committed 12288K, reserved 1048576K
}
Event: 7.496 GC heap before
{Heap before GC invocations=27 (full 0):
 garbage-first heap   total 172032K, used 142792K [0x0000000704600000, 0x0000000800000000)
  region size 2048K, 40 young (81920K), 3 survivors (6144K)
 Metaspace       used 82892K, committed 83776K, reserved 1179648K
  class space    used 11874K, committed 12288K, reserved 1048576K
}
Event: 7.502 GC heap after
{Heap after GC invocations=28 (full 0):
 garbage-first heap   total 172032K, used 87507K [0x0000000704600000, 0x0000000800000000)
  region size 2048K, 5 young (10240K), 5 survivors (10240K)
 Metaspace       used 82892K, committed 83776K, reserved 1179648K
  class space    used 11874K, committed 12288K, reserved 1048576K
}
Event: 7.542 GC heap before
{Heap before GC invocations=28 (full 0):
 garbage-first heap   total 172032K, used 142803K [0x0000000704600000, 0x0000000800000000)
  region size 2048K, 33 young (67584K), 5 survivors (10240K)
 Metaspace       used 82909K, committed 83776K, reserved 1179648K
  class space    used 11878K, committed 12288K, reserved 1048576K
}
Event: 7.548 GC heap after
{Heap after GC invocations=29 (full 0):
 garbage-first heap   total 172032K, used 103950K [0x0000000704600000, 0x0000000800000000)
  region size 2048K, 5 young (10240K), 5 survivors (10240K)
 Metaspace       used 82909K, committed 83776K, reserved 1179648K
  class space    used 11878K, committed 12288K, reserved 1048576K
}
Event: 7.597 GC heap before
{Heap before GC invocations=30 (full 0):
 garbage-first heap   total 243712K, used 144910K [0x0000000704600000, 0x0000000800000000)
  region size 2048K, 26 young (53248K), 5 survivors (10240K)
 Metaspace       used 82899K, committed 83776K, reserved 1179648K
  class space    used 11876K, committed 12288K, reserved 1048576K
}
Event: 7.602 GC heap after
{Heap after GC invocations=31 (full 0):
 garbage-first heap   total 243712K, used 117924K [0x0000000704600000, 0x0000000800000000)
  region size 2048K, 4 young (8192K), 4 survivors (8192K)
 Metaspace       used 82899K, committed 83776K, reserved 1179648K
  class space    used 11876K, committed 12288K, reserved 1048576K
}
Event: 7.633 GC heap before
{Heap before GC invocations=31 (full 0):
 garbage-first heap   total 243712K, used 189604K [0x0000000704600000, 0x0000000800000000)
  region size 2048K, 40 young (81920K), 4 survivors (8192K)
 Metaspace       used 82899K, committed 83776K, reserved 1179648K
  class space    used 11876K, committed 12288K, reserved 1048576K
}

